<?xml version="1.0" encoding="UTF-8"?>
<testsuite name="finalExam.p1.VehicleOperatorProcessorTest" tests="1" skipped="0" failures="0" errors="0" timestamp="2021-04-28T00:49:02" hostname="Jacquelines-MacBook-Pro.local" time="0.003">
  <properties/>
  <testcase name="mysteryMethod" classname="finalExam.p1.VehicleOperatorProcessorTest" time="0.003"/>
  <system-out><![CDATA[]]></system-out>
  <system-err><![CDATA[]]></system-err>
</testsuite>
