<?xml version="1.0" encoding="UTF-8"?>
<testsuite name="Problem1.ManagerTest" tests="1" skipped="0" failures="0" errors="0" timestamp="2021-03-18T03:37:48" hostname="Jacquelines-MacBook-Pro.local" time="0.0">
  <properties/>
  <testcase name="estimateProductivity" classname="Problem1.ManagerTest" time="0.0"/>
  <system-out><![CDATA[]]></system-out>
  <system-err><![CDATA[]]></system-err>
</testsuite>
