<?xml version="1.0" encoding="UTF-8"?>
<testsuite name="Problem1.IndividualContributorTest" tests="1" skipped="0" failures="0" errors="0" timestamp="2021-03-18T03:37:48" hostname="Jacquelines-MacBook-Pro.local" time="0.013">
  <properties/>
  <testcase name="estimateProductivity" classname="Problem1.IndividualContributorTest" time="0.013"/>
  <system-out><![CDATA[]]></system-out>
  <system-err><![CDATA[]]></system-err>
</testsuite>
