<?xml version="1.0" encoding="UTF-8"?>
<testsuite name="Model.SeatTest" tests="5" skipped="0" failures="0" errors="0" timestamp="2021-04-30T10:31:38" hostname="Jacquelines-MacBook-Pro.local" time="0.001">
  <properties/>
  <testcase name="getCustomerName" classname="Model.SeatTest" time="0.0"/>
  <testcase name="getSeatName" classname="Model.SeatTest" time="0.0"/>
  <testcase name="testToString" classname="Model.SeatTest" time="0.0"/>
  <testcase name="testHashCode" classname="Model.SeatTest" time="0.0"/>
  <testcase name="testEquals" classname="Model.SeatTest" time="0.0"/>
  <system-out><![CDATA[]]></system-out>
  <system-err><![CDATA[]]></system-err>
</testsuite>
