<?xml version="1.0" encoding="UTF-8"?>
<testsuite name="Model.RowTest" tests="11" skipped="0" failures="0" errors="0" timestamp="2021-04-30T10:31:38" hostname="Jacquelines-MacBook-Pro.local" time="0.002">
  <properties/>
  <testcase name="seatsNumOutOfBound" classname="Model.RowTest" time="0.0"/>
  <testcase name="testToString" classname="Model.RowTest" time="0.0"/>
  <testcase name="invalidSeatsNum" classname="Model.RowTest" time="0.0"/>
  <testcase name="getNumOfSeats" classname="Model.RowTest" time="0.001"/>
  <testcase name="invalidRowNumber" classname="Model.RowTest" time="0.0"/>
  <testcase name="getRowNum" classname="Model.RowTest" time="0.0"/>
  <testcase name="testHashCode" classname="Model.RowTest" time="0.0"/>
  <testcase name="negativeRowNumber" classname="Model.RowTest" time="0.0"/>
  <testcase name="testEquals" classname="Model.RowTest" time="0.0"/>
  <testcase name="getWheelchair" classname="Model.RowTest" time="0.0"/>
  <testcase name="setWheelchair" classname="Model.RowTest" time="0.0"/>
  <system-out><![CDATA[]]></system-out>
  <system-err><![CDATA[]]></system-err>
</testsuite>
