<?xml version="1.0" encoding="UTF-8"?>
<testsuite name="Problem1.ElementTest" tests="5" skipped="0" failures="0" errors="0" timestamp="2021-03-05T14:27:28" hostname="Jacquelines-MacBook-Pro.local" time="0.003">
  <properties/>
  <testcase name="testToString" classname="Problem1.ElementTest" time="0.001"/>
  <testcase name="testHashCode" classname="Problem1.ElementTest" time="0.0"/>
  <testcase name="getPriority" classname="Problem1.ElementTest" time="0.0"/>
  <testcase name="testEquals" classname="Problem1.ElementTest" time="0.001"/>
  <testcase name="getValue" classname="Problem1.ElementTest" time="0.0"/>
  <system-out><![CDATA[]]></system-out>
  <system-err><![CDATA[]]></system-err>
</testsuite>
