<?xml version="1.0" encoding="UTF-8"?>
<testsuite name="Problem1.PriorityQueueTest" tests="7" skipped="0" failures="0" errors="0" timestamp="2021-03-05T14:27:28" hostname="Jacquelines-MacBook-Pro.local" time="0.002">
  <properties/>
  <testcase name="testToString" classname="Problem1.PriorityQueueTest" time="0.0"/>
  <testcase name="add" classname="Problem1.PriorityQueueTest" time="0.0"/>
  <testcase name="pop" classname="Problem1.PriorityQueueTest" time="0.0"/>
  <testcase name="peek" classname="Problem1.PriorityQueueTest" time="0.0"/>
  <testcase name="testHashCode" classname="Problem1.PriorityQueueTest" time="0.0"/>
  <testcase name="testEquals" classname="Problem1.PriorityQueueTest" time="0.0"/>
  <testcase name="isEmpty" classname="Problem1.PriorityQueueTest" time="0.0"/>
  <system-out><![CDATA[]]></system-out>
  <system-err><![CDATA[]]></system-err>
</testsuite>
