<?xml version="1.0" encoding="UTF-8"?>
<testsuite name="problem1.VehicleTest" tests="10" skipped="0" failures="0" errors="0" timestamp="2021-01-27T10:58:21" hostname="Jacquelines-MacBook-Pro.local" time="0.002">
  <properties/>
  <testcase name="getPhoneNumber" classname="problem1.VehicleTest" time="0.001"/>
  <testcase name="getVIN" classname="problem1.VehicleTest" time="0.0"/>
  <testcase name="getLicensePlate" classname="problem1.VehicleTest" time="0.0"/>
  <testcase name="setVIN" classname="problem1.VehicleTest" time="0.0"/>
  <testcase name="setLicensePlate" classname="problem1.VehicleTest" time="0.0"/>
  <testcase name="getFirstName" classname="problem1.VehicleTest" time="0.0"/>
  <testcase name="setLastName" classname="problem1.VehicleTest" time="0.0"/>
  <testcase name="getLastName" classname="problem1.VehicleTest" time="0.0"/>
  <testcase name="setPhoneNumber" classname="problem1.VehicleTest" time="0.0"/>
  <testcase name="setFirstName" classname="problem1.VehicleTest" time="0.0"/>
  <system-out><![CDATA[]]></system-out>
  <system-err><![CDATA[]]></system-err>
</testsuite>
