<?xml version="1.0" encoding="UTF-8"?>
<testsuite name="problem2.TimeTest" tests="7" skipped="0" failures="0" errors="0" timestamp="2021-01-27T10:58:21" hostname="Jacquelines-MacBook-Pro.local" time="0.002">
  <properties/>
  <testcase name="equals" classname="problem2.TimeTest" time="0.0"/>
  <testcase name="getSeconds" classname="problem2.TimeTest" time="0.0"/>
  <testcase name="setMinutes" classname="problem2.TimeTest" time="0.0"/>
  <testcase name="getHour" classname="problem2.TimeTest" time="0.0"/>
  <testcase name="setSeconds" classname="problem2.TimeTest" time="0.001"/>
  <testcase name="setHour" classname="problem2.TimeTest" time="0.0"/>
  <testcase name="getMinutes" classname="problem2.TimeTest" time="0.0"/>
  <system-out><![CDATA[]]></system-out>
  <system-err><![CDATA[]]></system-err>
</testsuite>
