<?xml version="1.0" encoding="UTF-8"?>
<testsuite name="problem3.AccountTest" tests="5" skipped="0" failures="0" errors="0" timestamp="2021-01-27T10:58:21" hostname="Jacquelines-MacBook-Pro.local" time="0.002">
  <properties/>
  <testcase name="withdraw" classname="problem3.AccountTest" time="0.001"/>
  <testcase name="getFirstName" classname="problem3.AccountTest" time="0.0"/>
  <testcase name="getLastName" classname="problem3.AccountTest" time="0.0"/>
  <testcase name="getBalance" classname="problem3.AccountTest" time="0.001"/>
  <testcase name="deposit" classname="problem3.AccountTest" time="0.0"/>
  <system-out><![CDATA[]]></system-out>
  <system-err><![CDATA[]]></system-err>
</testsuite>
