<?xml version="1.0" encoding="UTF-8"?>
<testsuite name="problem3.AmountTest" tests="4" skipped="0" failures="0" errors="0" timestamp="2021-01-27T10:58:21" hostname="Jacquelines-MacBook-Pro.local" time="0.001">
  <properties/>
  <testcase name="subtract" classname="problem3.AmountTest" time="0.001"/>
  <testcase name="getDollars" classname="problem3.AmountTest" time="0.0"/>
  <testcase name="add" classname="problem3.AmountTest" time="0.0"/>
  <testcase name="getCents" classname="problem3.AmountTest" time="0.0"/>
  <system-out><![CDATA[]]></system-out>
  <system-err><![CDATA[]]></system-err>
</testsuite>
