<?xml version="1.0" encoding="UTF-8"?>
<testsuite name="problem1.OneTimeTest" tests="6" skipped="0" failures="0" errors="0" timestamp="2021-02-26T07:31:32" hostname="Jacquelines-MacBook-Pro.local" time="0.002">
  <properties/>
  <testcase name="testToString" classname="problem1.OneTimeTest" time="0.0"/>
  <testcase name="getDonation" classname="problem1.OneTimeTest" time="0.0"/>
  <testcase name="invalidTime" classname="problem1.OneTimeTest" time="0.0"/>
  <testcase name="invalidMoney" classname="problem1.OneTimeTest" time="0.0"/>
  <testcase name="testHashCode" classname="problem1.OneTimeTest" time="0.0"/>
  <testcase name="testEquals" classname="problem1.OneTimeTest" time="0.0"/>
  <system-out><![CDATA[]]></system-out>
  <system-err><![CDATA[]]></system-err>
</testsuite>
