<?xml version="1.0" encoding="UTF-8"?>
<testsuite name="Problem2.CatalogTest" tests="9" skipped="0" failures="0" errors="0" timestamp="2021-02-26T07:31:32" hostname="Jacquelines-MacBook-Pro.local" time="0.002">
  <properties/>
  <testcase name="invalidRemove" classname="Problem2.CatalogTest" time="0.0"/>
  <testcase name="addItem" classname="Problem2.CatalogTest" time="0.0"/>
  <testcase name="testToString" classname="Problem2.CatalogTest" time="0.0"/>
  <testcase name="search" classname="Problem2.CatalogTest" time="0.0"/>
  <testcase name="testHashCode" classname="Problem2.CatalogTest" time="0.0"/>
  <testcase name="removeItem" classname="Problem2.CatalogTest" time="0.0"/>
  <testcase name="testEquals" classname="Problem2.CatalogTest" time="0.0"/>
  <testcase name="testSearch1" classname="Problem2.CatalogTest" time="0.0"/>
  <testcase name="testSearch" classname="Problem2.CatalogTest" time="0.0"/>
  <system-out><![CDATA[]]></system-out>
  <system-err><![CDATA[]]></system-err>
</testsuite>
