<?xml version="1.0" encoding="UTF-8"?>
<testsuite name="problem1.NonProfitTest" tests="6" skipped="0" failures="0" errors="0" timestamp="2021-02-26T07:31:32" hostname="Jacquelines-MacBook-Pro.local" time="0.004">
  <properties/>
  <testcase name="testToString" classname="problem1.NonProfitTest" time="0.002"/>
  <testcase name="cancelDonation" classname="problem1.NonProfitTest" time="0.0"/>
  <testcase name="receiveDonation" classname="problem1.NonProfitTest" time="0.0"/>
  <testcase name="testHashCode1" classname="problem1.NonProfitTest" time="0.0"/>
  <testcase name="getTotalDonationsForYear" classname="problem1.NonProfitTest" time="0.0"/>
  <testcase name="testEquals" classname="problem1.NonProfitTest" time="0.001"/>
  <system-out><![CDATA[]]></system-out>
  <system-err><![CDATA[]]></system-err>
</testsuite>
