<?xml version="1.0" encoding="UTF-8"?>
<testsuite name="Problem2.BandTest" tests="4" skipped="0" failures="0" errors="0" timestamp="2021-02-26T07:31:32" hostname="Jacquelines-MacBook-Pro.local" time="0.001">
  <properties/>
  <testcase name="testToString" classname="Problem2.BandTest" time="0.0"/>
  <testcase name="testHashCode" classname="Problem2.BandTest" time="0.0"/>
  <testcase name="testEquals" classname="Problem2.BandTest" time="0.001"/>
  <testcase name="isCreatorEqual" classname="Problem2.BandTest" time="0.0"/>
  <system-out><![CDATA[]]></system-out>
  <system-err><![CDATA[]]></system-err>
</testsuite>
