<?xml version="1.0" encoding="UTF-8"?>
<testsuite name="Problem1.CourseTest" tests="3" skipped="0" failures="0" errors="0" timestamp="2021-02-19T04:57:56" hostname="Jacquelines-MacBook-Pro.local" time="0.001">
  <properties/>
  <testcase name="testToString" classname="Problem1.CourseTest" time="0.001"/>
  <testcase name="testHashCode" classname="Problem1.CourseTest" time="0.0"/>
  <testcase name="testEquals" classname="Problem1.CourseTest" time="0.0"/>
  <system-out><![CDATA[]]></system-out>
  <system-err><![CDATA[]]></system-err>
</testsuite>
