<?xml version="1.0" encoding="UTF-8"?>
<testsuite name="Problem2.SetTest" tests="9" skipped="0" failures="0" errors="0" timestamp="2021-02-19T04:57:56" hostname="Jacquelines-MacBook-Pro.local" time="0.002">
  <properties/>
  <testcase name="testToString" classname="Problem2.SetTest" time="0.001"/>
  <testcase name="remove" classname="Problem2.SetTest" time="0.0"/>
  <testcase name="contains" classname="Problem2.SetTest" time="0.0"/>
  <testcase name="add" classname="Problem2.SetTest" time="0.0"/>
  <testcase name="size" classname="Problem2.SetTest" time="0.001"/>
  <testcase name="testHashCode" classname="Problem2.SetTest" time="0.0"/>
  <testcase name="emptySet" classname="Problem2.SetTest" time="0.0"/>
  <testcase name="testEquals" classname="Problem2.SetTest" time="0.0"/>
  <testcase name="isEmpty" classname="Problem2.SetTest" time="0.0"/>
  <system-out><![CDATA[]]></system-out>
  <system-err><![CDATA[]]></system-err>
</testsuite>
