<?xml version="1.0" encoding="UTF-8"?>
<testsuite name="Problem1.CourseCatalogsTest" tests="13" skipped="0" failures="0" errors="0" timestamp="2021-02-19T04:57:56" hostname="Jacquelines-MacBook-Pro.local" time="0.005">
  <properties/>
  <testcase name="append" classname="Problem1.CourseCatalogsTest" time="0.001"/>
  <testcase name="testToString" classname="Problem1.CourseCatalogsTest" time="0.001"/>
  <testcase name="remove" classname="Problem1.CourseCatalogsTest" time="0.0"/>
  <testcase name="contains" classname="Problem1.CourseCatalogsTest" time="0.0"/>
  <testcase name="removeWrong" classname="Problem1.CourseCatalogsTest" time="0.001"/>
  <testcase name="get" classname="Problem1.CourseCatalogsTest" time="0.0"/>
  <testcase name="count" classname="Problem1.CourseCatalogsTest" time="0.0"/>
  <testcase name="testHashCode" classname="Problem1.CourseCatalogsTest" time="0.0"/>
  <testcase name="testEquals" classname="Problem1.CourseCatalogsTest" time="0.0"/>
  <testcase name="creatEmpty" classname="Problem1.CourseCatalogsTest" time="0.0"/>
  <testcase name="indexOf" classname="Problem1.CourseCatalogsTest" time="0.0"/>
  <testcase name="getWrong" classname="Problem1.CourseCatalogsTest" time="0.0"/>
  <testcase name="isEmpty" classname="Problem1.CourseCatalogsTest" time="0.001"/>
  <system-out><![CDATA[]]></system-out>
  <system-err><![CDATA[]]></system-err>
</testsuite>
