<?xml version="1.0" encoding="UTF-8"?>
<testsuite name="Problem2.RecipientTest" tests="4" skipped="0" failures="0" errors="0" timestamp="2021-02-03T10:25:27" hostname="Jacquelines-MacBook-Pro.local" time="0.001">
  <properties/>
  <testcase name="getAddress" classname="Problem2.RecipientTest" time="0.0"/>
  <testcase name="getName" classname="Problem2.RecipientTest" time="0.0"/>
  <testcase name="getFirstName" classname="Problem2.RecipientTest" time="0.0"/>
  <testcase name="getLastName" classname="Problem2.RecipientTest" time="0.0"/>
  <system-out><![CDATA[]]></system-out>
  <system-err><![CDATA[]]></system-err>
</testsuite>
