<?xml version="1.0" encoding="UTF-8"?>
<testsuite name="Problem1.RoomTest" tests="9" skipped="0" failures="0" errors="0" timestamp="2021-02-03T10:25:27" hostname="Jacquelines-MacBook-Pro.local" time="0.006">
  <properties/>
  <testcase name="getMaxOccupancy" classname="Problem1.RoomTest" time="0.002"/>
  <testcase name="invalidIncomingGuest" classname="Problem1.RoomTest" time="0.0"/>
  <testcase name="notAvailable" classname="Problem1.RoomTest" time="0.0"/>
  <testcase name="getCurrGuestNum" classname="Problem1.RoomTest" time="0.0"/>
  <testcase name="isAvailable" classname="Problem1.RoomTest" time="0.001"/>
  <testcase name="rmOccupied" classname="Problem1.RoomTest" time="0.0"/>
  <testcase name="invalidPrice" classname="Problem1.RoomTest" time="0.0"/>
  <testcase name="getPrice" classname="Problem1.RoomTest" time="0.0"/>
  <testcase name="bookRoom" classname="Problem1.RoomTest" time="0.0"/>
  <system-out><![CDATA[]]></system-out>
  <system-err><![CDATA[]]></system-err>
</testsuite>
