<?xml version="1.0" encoding="UTF-8"?>
<testsuite name="Problem2.LockerTest" tests="16" skipped="0" failures="0" errors="0" timestamp="2021-02-03T10:25:27" hostname="Jacquelines-MacBook-Pro.local" time="0.005">
  <properties/>
  <testcase name="invalidLockerHeight" classname="Problem2.LockerTest" time="0.0"/>
  <testcase name="lockerOccupied" classname="Problem2.LockerTest" time="0.001"/>
  <testcase name="getMaxDepth" classname="Problem2.LockerTest" time="0.0"/>
  <testcase name="getMaxWidth" classname="Problem2.LockerTest" time="0.0"/>
  <testcase name="invalidHeight" classname="Problem2.LockerTest" time="0.0"/>
  <testcase name="getNewItem" classname="Problem2.LockerTest" time="0.0"/>
  <testcase name="addMail" classname="Problem2.LockerTest" time="0.0"/>
  <testcase name="noItem" classname="Problem2.LockerTest" time="0.0"/>
  <testcase name="pickupMail" classname="Problem2.LockerTest" time="0.0"/>
  <testcase name="getMaxHeight" classname="Problem2.LockerTest" time="0.0"/>
  <testcase name="invalidLockerDepth" classname="Problem2.LockerTest" time="0.0"/>
  <testcase name="invalidLockerWidth" classname="Problem2.LockerTest" time="0.0"/>
  <testcase name="getItem" classname="Problem2.LockerTest" time="0.0"/>
  <testcase name="invalidDepth" classname="Problem2.LockerTest" time="0.0"/>
  <testcase name="invalidWidth" classname="Problem2.LockerTest" time="0.0"/>
  <testcase name="incorrectRecipient" classname="Problem2.LockerTest" time="0.001"/>
  <system-out><![CDATA[]]></system-out>
  <system-err><![CDATA[]]></system-err>
</testsuite>
