<?xml version="1.0" encoding="UTF-8"?>
<testsuite name="Problem1.FamilyRoomTest" tests="1" skipped="0" failures="0" errors="0" timestamp="2021-02-03T10:25:27" hostname="Jacquelines-MacBook-Pro.local" time="0.0">
  <properties/>
  <testcase name="getMaxOccupancy" classname="Problem1.FamilyRoomTest" time="0.0"/>
  <system-out><![CDATA[]]></system-out>
  <system-err><![CDATA[]]></system-err>
</testsuite>
