<?xml version="1.0" encoding="UTF-8"?>
<testsuite name="Problem2.ItemTest" tests="7" skipped="0" failures="0" errors="0" timestamp="2021-02-03T10:25:27" hostname="Jacquelines-MacBook-Pro.local" time="0.003">
  <properties/>
  <testcase name="invalidHeight" classname="Problem2.ItemTest" time="0.001"/>
  <testcase name="getHeight" classname="Problem2.ItemTest" time="0.0"/>
  <testcase name="invalidDepth" classname="Problem2.ItemTest" time="0.0"/>
  <testcase name="invalidWidth" classname="Problem2.ItemTest" time="0.001"/>
  <testcase name="getRecipient" classname="Problem2.ItemTest" time="0.0"/>
  <testcase name="getDepth" classname="Problem2.ItemTest" time="0.0"/>
  <testcase name="getWidth" classname="Problem2.ItemTest" time="0.0"/>
  <system-out><![CDATA[]]></system-out>
  <system-err><![CDATA[]]></system-err>
</testsuite>
