<?xml version="1.0" encoding="UTF-8"?>
<testsuite name="Problem1.DancerTest" tests="4" skipped="0" failures="0" errors="0" timestamp="2021-02-13T20:22:30" hostname="Jacquelines-MacBook-Pro.local" time="0.002">
  <properties/>
  <testcase name="testEquals1" classname="Problem1.DancerTest" time="0.001"/>
  <testcase name="testToString" classname="Problem1.DancerTest" time="0.0"/>
  <testcase name="testHashCode" classname="Problem1.DancerTest" time="0.0"/>
  <testcase name="testEquals" classname="Problem1.DancerTest" time="0.0"/>
  <system-out><![CDATA[]]></system-out>
  <system-err><![CDATA[]]></system-err>
</testsuite>
