<?xml version="1.0" encoding="UTF-8"?>
<testsuite name="Problem1.FilmmakerTest" tests="3" skipped="0" failures="0" errors="0" timestamp="2021-02-13T20:22:30" hostname="Jacquelines-MacBook-Pro.local" time="0.0">
  <properties/>
  <testcase name="testToString" classname="Problem1.FilmmakerTest" time="0.0"/>
  <testcase name="testHashCode" classname="Problem1.FilmmakerTest" time="0.0"/>
  <testcase name="testEquals" classname="Problem1.FilmmakerTest" time="0.0"/>
  <system-out><![CDATA[]]></system-out>
  <system-err><![CDATA[]]></system-err>
</testsuite>
