<?xml version="1.0" encoding="UTF-8"?>
<testsuite name="Problem1.ElectricalTest" tests="6" skipped="0" failures="0" errors="0" timestamp="2021-02-10T09:59:29" hostname="Jacquelines-MacBook-Pro.local" time="0.002">
  <properties/>
  <testcase name="testGetLicensedEmployee" classname="Problem1.ElectricalTest" time="0.0"/>
  <testcase name="exceedMaxEmployee" classname="Problem1.ElectricalTest" time="0.001"/>
  <testcase name="testToString" classname="Problem1.ElectricalTest" time="0.001"/>
  <testcase name="calculatePrice" classname="Problem1.ElectricalTest" time="0.0"/>
  <testcase name="testHashCode" classname="Problem1.ElectricalTest" time="0.0"/>
  <testcase name="testEquals" classname="Problem1.ElectricalTest" time="0.0"/>
  <system-out><![CDATA[]]></system-out>
  <system-err><![CDATA[]]></system-err>
</testsuite>
